<?xml version="1.0" encoding="UTF-8"?>
<coverage generated="1663893219245" clover="3.2.0">
  <project timestamp="1663893219246" name="All files">
    <metrics statements="30" coveredstatements="29" conditionals="12" coveredconditionals="12" methods="3" coveredmethods="3" elements="45" coveredelements="44" complexity="0" loc="30" ncloc="30" packages="2" files="3" classes="3"/>
    <package name="src.components.signin">
      <metrics statements="27" coveredstatements="26" conditionals="4" coveredconditionals="4" methods="2" coveredmethods="2"/>
      <file name="signin.controller.js" path="/home/leo/Documentos/Proyectos/angularLogin/backend/src/components/signin/signin.controller.js">
        <metrics statements="6" coveredstatements="5" conditionals="0" coveredconditionals="0" methods="1" coveredmethods="1"/>
        <line num="1" count="1" type="stmt"/>
        <line num="4" count="1" type="stmt"/>
        <line num="5" count="1" type="stmt"/>
        <line num="6" count="0" type="stmt"/>
        <line num="8" count="1" type="stmt"/>
        <line num="12" count="1" type="stmt"/>
      </file>
      <file name="signin.module.js" path="/home/leo/Documentos/Proyectos/angularLogin/backend/src/components/signin/signin.module.js">
        <metrics statements="21" coveredstatements="21" conditionals="4" coveredconditionals="4" methods="1" coveredmethods="1"/>
        <line num="1" count="3" type="stmt"/>
        <line num="2" count="3" type="stmt"/>
        <line num="3" count="3" type="stmt"/>
        <line num="4" count="3" type="stmt"/>
        <line num="7" count="3" type="stmt"/>
        <line num="8" count="3" type="stmt"/>
        <line num="9" count="3" type="stmt"/>
        <line num="10" count="3" type="stmt"/>
        <line num="11" count="3" type="stmt"/>
        <line num="12" count="3" type="cond" truecount="2" falsecount="0"/>
        <line num="13" count="1" type="stmt"/>
        <line num="18" count="2" type="stmt"/>
        <line num="19" count="2" type="stmt"/>
        <line num="23" count="2" type="cond" truecount="2" falsecount="0"/>
        <line num="24" count="1" type="stmt"/>
        <line num="25" count="1" type="stmt"/>
        <line num="27" count="1" type="stmt"/>
        <line num="28" count="1" type="stmt"/>
        <line num="33" count="1" type="stmt"/>
        <line num="39" count="2" type="stmt"/>
        <line num="43" count="3" type="stmt"/>
      </file>
    </package>
    <package name="test.fixtures">
      <metrics statements="3" coveredstatements="3" conditionals="8" coveredconditionals="8" methods="1" coveredmethods="1"/>
      <file name="auth.fixture.js" path="/home/leo/Documentos/Proyectos/angularLogin/backend/test/fixtures/auth.fixture.js">
        <metrics statements="3" coveredstatements="3" conditionals="8" coveredconditionals="8" methods="1" coveredmethods="1"/>
        <line num="1" count="1" type="stmt"/>
        <line num="11" count="2" type="stmt"/>
        <line num="23" count="1" type="stmt"/>
      </file>
    </package>
  </project>
</coverage>
