{"/home/leo/Documentos/Proyectos/angularLogin/backend/src/components/signin/signin.controller.js": {"path":"/home/leo/Documentos/Proyectos/angularLogin/backend/src/components/signin/signin.controller.js","statementMap":{"0":{"start":{"line":1,"column":21},"end":{"line":1,"column":47}},"1":{"start":{"line":4,"column":4},"end":{"line":9,"column":5}},"2":{"start":{"line":5,"column":25},"end":{"line":5,"column":48}},"3":{"start":{"line":6,"column":8},"end":{"line":6,"column":39}},"4":{"start":{"line":8,"column":8},"end":{"line":8,"column":36}},"5":{"start":{"line":12,"column":0},"end":{"line":12,"column":34}}},"fnMap":{"0":{"name":"signInController","decl":{"start":{"line":3,"column":15},"end":{"line":3,"column":31}},"loc":{"start":{"line":3,"column":42},"end":{"line":10,"column":1}},"line":3}},"branchMap":{},"s":{"0":1,"1":1,"2":1,"3":0,"4":1,"5":1},"f":{"0":1},"b":{},"_coverageSchema":"1a1c01bbd47fc00a2c39e90264f33305004495a9","hash":"6a86dbcdc296b48b6e423634481238b3323c7c7c"}
,"/home/leo/Documentos/Proyectos/angularLogin/backend/src/components/signin/signin.module.js": {"path":"/home/leo/Documentos/Proyectos/angularLogin/backend/src/components/signin/signin.module.js","statementMap":{"0":{"start":{"line":1,"column":26},"end":{"line":1,"column":71}},"1":{"start":{"line":2,"column":12},"end":{"line":2,"column":35}},"2":{"start":{"line":3,"column":16},"end":{"line":3,"column":35}},"3":{"start":{"line":4,"column":0},"end":{"line":4,"column":27}},"4":{"start":{"line":7,"column":4},"end":{"line":40,"column":5}},"5":{"start":{"line":8,"column":8},"end":{"line":8,"column":45}},"6":{"start":{"line":9,"column":35},"end":{"line":9,"column":43}},"7":{"start":{"line":10,"column":28},"end":{"line":10,"column":57}},"8":{"start":{"line":11,"column":8},"end":{"line":11,"column":32}},"9":{"start":{"line":12,"column":8},"end":{"line":16,"column":9}},"10":{"start":{"line":13,"column":12},"end":{"line":15,"column":14}},"11":{"start":{"line":18,"column":8},"end":{"line":18,"column":43}},"12":{"start":{"line":19,"column":25},"end":{"line":19,"column":39}},"13":{"start":{"line":23,"column":8},"end":{"line":31,"column":9}},"14":{"start":{"line":24,"column":12},"end":{"line":24,"column":47}},"15":{"start":{"line":25,"column":12},"end":{"line":25,"column":96}},"16":{"start":{"line":27,"column":12},"end":{"line":27,"column":43}},"17":{"start":{"line":28,"column":12},"end":{"line":30,"column":14}},"18":{"start":{"line":33,"column":8},"end":{"line":36,"column":10}},"19":{"start":{"line":39,"column":8},"end":{"line":39,"column":20}},"20":{"start":{"line":43,"column":0},"end":{"line":43,"column":30}}},"fnMap":{"0":{"name":"signInModule","decl":{"start":{"line":6,"column":15},"end":{"line":6,"column":27}},"loc":{"start":{"line":6,"column":33},"end":{"line":41,"column":1}},"line":6}},"branchMap":{"0":{"loc":{"start":{"line":12,"column":8},"end":{"line":16,"column":9}},"type":"if","locations":[{"start":{"line":12,"column":8},"end":{"line":16,"column":9}},{"start":{},"end":{}}],"line":12},"1":{"loc":{"start":{"line":23,"column":8},"end":{"line":31,"column":9}},"type":"if","locations":[{"start":{"line":23,"column":8},"end":{"line":31,"column":9}},{"start":{"line":26,"column":15},"end":{"line":31,"column":9}}],"line":23}},"s":{"0":3,"1":3,"2":3,"3":3,"4":3,"5":3,"6":3,"7":3,"8":3,"9":3,"10":1,"11":2,"12":2,"13":2,"14":1,"15":1,"16":1,"17":1,"18":1,"19":2,"20":3},"f":{"0":3},"b":{"0":[1,2],"1":[1,1]},"_coverageSchema":"1a1c01bbd47fc00a2c39e90264f33305004495a9","hash":"d793dfb94e3c6725d88bc4bd3f1a9d54cfa8c440"}
,"/home/leo/Documentos/Proyectos/angularLogin/backend/test/fixtures/auth.fixture.js": {"path":"/home/leo/Documentos/Proyectos/angularLogin/backend/test/fixtures/auth.fixture.js","statementMap":{"0":{"start":{"line":1,"column":18},"end":{"line":21,"column":1}},"1":{"start":{"line":11,"column":4},"end":{"line":20,"column":6}},"2":{"start":{"line":23,"column":0},"end":{"line":23,"column":27}}},"fnMap":{"0":{"name":"(anonymous_0)","decl":{"start":{"line":1,"column":18},"end":{"line":1,"column":19}},"loc":{"start":{"line":10,"column":5},"end":{"line":21,"column":1}},"line":10}},"branchMap":{"0":{"loc":{"start":{"line":2,"column":4},"end":{"line":2,"column":20}},"type":"default-arg","locations":[{"start":{"line":2,"column":10},"end":{"line":2,"column":20}}],"line":2},"1":{"loc":{"start":{"line":3,"column":4},"end":{"line":3,"column":39}},"type":"default-arg","locations":[{"start":{"line":3,"column":15},"end":{"line":3,"column":39}}],"line":3},"2":{"loc":{"start":{"line":4,"column":4},"end":{"line":4,"column":73}},"type":"default-arg","locations":[{"start":{"line":4,"column":11},"end":{"line":4,"column":73}}],"line":4},"3":{"loc":{"start":{"line":5,"column":4},"end":{"line":5,"column":20}},"type":"default-arg","locations":[{"start":{"line":5,"column":13},"end":{"line":5,"column":20}}],"line":5},"4":{"loc":{"start":{"line":6,"column":4},"end":{"line":6,"column":24}},"type":"default-arg","locations":[{"start":{"line":6,"column":17},"end":{"line":6,"column":24}}],"line":6},"5":{"loc":{"start":{"line":7,"column":4},"end":{"line":7,"column":47}},"type":"default-arg","locations":[{"start":{"line":7,"column":16},"end":{"line":7,"column":47}}],"line":7},"6":{"loc":{"start":{"line":8,"column":4},"end":{"line":8,"column":47}},"type":"default-arg","locations":[{"start":{"line":8,"column":16},"end":{"line":8,"column":47}}],"line":8},"7":{"loc":{"start":{"line":9,"column":4},"end":{"line":9,"column":13}},"type":"default-arg","locations":[{"start":{"line":9,"column":10},"end":{"line":9,"column":13}}],"line":9}},"s":{"0":1,"1":2,"2":1},"f":{"0":2},"b":{"0":[1],"1":[2],"2":[2],"3":[2],"4":[2],"5":[2],"6":[2],"7":[2]},"_coverageSchema":"1a1c01bbd47fc00a2c39e90264f33305004495a9","hash":"70ab5985640160f418a0164b287bb6a9b89c7a32"}
}
