TN:
SF:src/components/signin/signin.controller.js
FN:3,signInController
FNF:1
FNH:1
FNDA:1,signInController
DA:1,1
DA:4,1
DA:5,1
DA:6,0
DA:8,1
DA:12,1
LF:6
LH:5
BRF:0
BRH:0
end_of_record
TN:
SF:src/components/signin/signin.module.js
FN:6,signInModule
FNF:1
FNH:1
FNDA:3,signInModule
DA:1,3
DA:2,3
DA:3,3
DA:4,3
DA:7,3
DA:8,3
DA:9,3
DA:10,3
DA:11,3
DA:12,3
DA:13,1
DA:18,2
DA:19,2
DA:23,2
DA:24,1
DA:25,1
DA:27,1
DA:28,1
DA:33,1
DA:39,2
DA:43,3
LF:21
LH:21
BRDA:12,0,0,1
BRDA:12,0,1,2
BRDA:23,1,0,1
BRDA:23,1,1,1
BRF:4
BRH:4
end_of_record
TN:
SF:test/fixtures/auth.fixture.js
FN:1,(anonymous_0)
FNF:1
FNH:1
FNDA:2,(anonymous_0)
DA:1,1
DA:11,2
DA:23,1
LF:3
LH:3
BRDA:2,0,0,1
BRDA:3,1,0,2
BRDA:4,2,0,2
BRDA:5,3,0,2
BRDA:6,4,0,2
BRDA:7,5,0,2
BRDA:8,6,0,2
BRDA:9,7,0,2
BRF:8
BRH:8
end_of_record
